<?xml version="1.0" encoding="UTF-8"?>
<robot generator="Robot 3.2.2 (Python 3.8.5 on win32)" generated="20200923 10:48:19.522" rpa="false">
<suite id="s1" name="Login" source="C:\Users\durga deepika\PycharmProjects\pythonProject\TestCases\login.robot">
<test id="s1-t1" name="This test cases is used to test for signin(Functional Testing)">
<kw name="Begin Web Test" library="common" type="setup">
<kw name="Open Browser" library="SeleniumLibrary">
<doc>Opens a new browser instance to the optional ``url``.</doc>
<arguments>
<arg>about:blank</arg>
<arg>headlesschrome</arg>
</arguments>
<msg timestamp="20200923 10:48:19.725" level="INFO">Opening browser 'headlesschrome' to base url 'about:blank'.</msg>
<status status="PASS" starttime="20200923 10:48:19.725" endtime="20200923 10:48:22.913"></status>
</kw>
<kw name="Sleep" library="BuiltIn">
<doc>Pauses the test executed for the given time.</doc>
<arguments>
<arg>5s</arg>
</arguments>
<msg timestamp="20200923 10:48:27.924" level="INFO">Slept 5 seconds</msg>
<status status="PASS" starttime="20200923 10:48:22.913" endtime="20200923 10:48:27.924"></status>
</kw>
<kw name="Maximize Browser Window" library="SeleniumLibrary">
<doc>Maximizes current browser window.</doc>
<status status="PASS" starttime="20200923 10:48:27.924" endtime="20200923 10:48:30.080"></status>
</kw>
<status status="PASS" starttime="20200923 10:48:19.725" endtime="20200923 10:48:30.080"></status>
</kw>
<kw name="check without input" library="keywords">
<kw name="Go To" library="SeleniumLibrary">
<doc>Navigates the current browser window to the provided ``url``.</doc>
<arguments>
<arg>${browser}</arg>
</arguments>
<msg timestamp="20200923 10:48:30.080" level="INFO">Opening url 'https://eficensit-test-8b2e9.web.app/'</msg>
<status status="PASS" starttime="20200923 10:48:30.080" endtime="20200923 10:48:40.181"></status>
</kw>
<kw name="Sleep" library="BuiltIn">
<doc>Pauses the test executed for the given time.</doc>
<arguments>
<arg>3s</arg>
</arguments>
<msg timestamp="20200923 10:48:43.192" level="INFO">Slept 3 seconds</msg>
<status status="PASS" starttime="20200923 10:48:40.181" endtime="20200923 10:48:43.192"></status>
</kw>
<kw name="Click Element" library="SeleniumLibrary">
<doc>Click the element identified by ``locator``.</doc>
<arguments>
<arg>${signin}</arg>
</arguments>
<msg timestamp="20200923 10:48:43.192" level="INFO">Clicking element '//*[@id="root"]/div/div/div/main/div[2]/div/form/button/span[1]'.</msg>
<status status="PASS" starttime="20200923 10:48:43.192" endtime="20200923 10:48:43.313"></status>
</kw>
<kw name="Sleep" library="BuiltIn">
<doc>Pauses the test executed for the given time.</doc>
<arguments>
<arg>3s</arg>
</arguments>
<msg timestamp="20200923 10:48:46.320" level="INFO">Slept 3 seconds</msg>
<status status="PASS" starttime="20200923 10:48:43.317" endtime="20200923 10:48:46.320"></status>
</kw>
<kw name="Reload Page" library="SeleniumLibrary">
<doc>Simulates user reloading page.</doc>
<status status="PASS" starttime="20200923 10:48:46.320" endtime="20200923 10:48:48.534"></status>
</kw>
<kw name="Sleep" library="BuiltIn">
<doc>Pauses the test executed for the given time.</doc>
<arguments>
<arg>3s</arg>
</arguments>
<msg timestamp="20200923 10:48:51.545" level="INFO">Slept 3 seconds</msg>
<status status="PASS" starttime="20200923 10:48:48.534" endtime="20200923 10:48:51.545"></status>
</kw>
<status status="PASS" starttime="20200923 10:48:30.080" endtime="20200923 10:48:51.545"></status>
</kw>
<kw name="check for lower boundary" library="keywords">
<kw name="Input Text" library="SeleniumLibrary">
<doc>Types the given ``text`` into the text field identified by ``locator``.</doc>
<arguments>
<arg>${email}</arg>
<arg>${lbemail}</arg>
</arguments>
<msg timestamp="20200923 10:48:51.545" level="INFO">Typing text 'ddd' into text field '//*[@id="email"]'.</msg>
<status status="PASS" starttime="20200923 10:48:51.545" endtime="20200923 10:48:51.638"></status>
</kw>
<kw name="Sleep" library="BuiltIn">
<doc>Pauses the test executed for the given time.</doc>
<arguments>
<arg>3s</arg>
</arguments>
<msg timestamp="20200923 10:48:54.641" level="INFO">Slept 3 seconds</msg>
<status status="PASS" starttime="20200923 10:48:51.638" endtime="20200923 10:48:54.641"></status>
</kw>
<kw name="Input Text" library="SeleniumLibrary">
<doc>Types the given ``text`` into the text field identified by ``locator``.</doc>
<arguments>
<arg>${password}</arg>
<arg>${lbpass}</arg>
</arguments>
<msg timestamp="20200923 10:48:54.641" level="INFO">Typing text '9999' into text field '//*[@id="password"]'.</msg>
<status status="PASS" starttime="20200923 10:48:54.641" endtime="20200923 10:48:54.758"></status>
</kw>
<kw name="Sleep" library="BuiltIn">
<doc>Pauses the test executed for the given time.</doc>
<arguments>
<arg>3s</arg>
</arguments>
<msg timestamp="20200923 10:48:57.766" level="INFO">Slept 3 seconds</msg>
<status status="PASS" starttime="20200923 10:48:54.758" endtime="20200923 10:48:57.766"></status>
</kw>
<kw name="Click Element" library="SeleniumLibrary">
<doc>Click the element identified by ``locator``.</doc>
<arguments>
<arg>${signin}</arg>
</arguments>
<msg timestamp="20200923 10:48:57.766" level="INFO">Clicking element '//*[@id="root"]/div/div/div/main/div[2]/div/form/button/span[1]'.</msg>
<status status="PASS" starttime="20200923 10:48:57.766" endtime="20200923 10:48:57.834"></status>
</kw>
<kw name="Sleep" library="BuiltIn">
<doc>Pauses the test executed for the given time.</doc>
<arguments>
<arg>3s</arg>
</arguments>
<msg timestamp="20200923 10:49:00.837" level="INFO">Slept 3 seconds</msg>
<status status="PASS" starttime="20200923 10:48:57.834" endtime="20200923 10:49:00.837"></status>
</kw>
<kw name="Handle Alert" library="SeleniumLibrary">
<doc>Handles the current alert and returns its message.</doc>
<status status="PASS" starttime="20200923 10:49:00.837" endtime="20200923 10:49:00.845"></status>
</kw>
<kw name="Sleep" library="BuiltIn">
<doc>Pauses the test executed for the given time.</doc>
<arguments>
<arg>5s</arg>
</arguments>
<msg timestamp="20200923 10:49:05.856" level="INFO">Slept 5 seconds</msg>
<status status="PASS" starttime="20200923 10:49:00.849" endtime="20200923 10:49:05.856"></status>
</kw>
<kw name="Reload Page" library="SeleniumLibrary">
<doc>Simulates user reloading page.</doc>
<status status="PASS" starttime="20200923 10:49:05.856" endtime="20200923 10:49:07.737"></status>
</kw>
<kw name="Sleep" library="BuiltIn">
<doc>Pauses the test executed for the given time.</doc>
<arguments>
<arg>3s</arg>
</arguments>
<msg timestamp="20200923 10:49:10.740" level="INFO">Slept 3 seconds</msg>
<status status="PASS" starttime="20200923 10:49:07.737" endtime="20200923 10:49:10.740"></status>
</kw>
<status status="PASS" starttime="20200923 10:48:51.545" endtime="20200923 10:49:10.740"></status>
</kw>
<kw name="check for upper boundary" library="keywords">
<kw name="Input Text" library="SeleniumLibrary">
<doc>Types the given ``text`` into the text field identified by ``locator``.</doc>
<arguments>
<arg>${email}</arg>
<arg>${upemail}</arg>
</arguments>
<msg timestamp="20200923 10:49:10.740" level="INFO">Typing text 'ddddddddddddddddddddddddddddd' into text field '//*[@id="email"]'.</msg>
<status status="PASS" starttime="20200923 10:49:10.740" endtime="20200923 10:49:10.907"></status>
</kw>
<kw name="Sleep" library="BuiltIn">
<doc>Pauses the test executed for the given time.</doc>
<arguments>
<arg>3s</arg>
</arguments>
<msg timestamp="20200923 10:49:13.918" level="INFO">Slept 3 seconds</msg>
<status status="PASS" starttime="20200923 10:49:10.907" endtime="20200923 10:49:13.919"></status>
</kw>
<kw name="Input Text" library="SeleniumLibrary">
<doc>Types the given ``text`` into the text field identified by ``locator``.</doc>
<arguments>
<arg>${password}</arg>
<arg>${uppass}</arg>
</arguments>
<msg timestamp="20200923 10:49:13.919" level="INFO">Typing text '99999999999999' into text field '//*[@id="password"]'.</msg>
<status status="PASS" starttime="20200923 10:49:13.919" endtime="20200923 10:49:14.040"></status>
</kw>
<kw name="Sleep" library="BuiltIn">
<doc>Pauses the test executed for the given time.</doc>
<arguments>
<arg>3s</arg>
</arguments>
<msg timestamp="20200923 10:49:17.048" level="INFO">Slept 3 seconds</msg>
<status status="PASS" starttime="20200923 10:49:14.040" endtime="20200923 10:49:17.049"></status>
</kw>
<kw name="Click Element" library="SeleniumLibrary">
<doc>Click the element identified by ``locator``.</doc>
<arguments>
<arg>${signin}</arg>
</arguments>
<msg timestamp="20200923 10:49:17.049" level="INFO">Clicking element '//*[@id="root"]/div/div/div/main/div[2]/div/form/button/span[1]'.</msg>
<status status="PASS" starttime="20200923 10:49:17.049" endtime="20200923 10:49:17.121"></status>
</kw>
<kw name="Sleep" library="BuiltIn">
<doc>Pauses the test executed for the given time.</doc>
<arguments>
<arg>3s</arg>
</arguments>
<msg timestamp="20200923 10:49:20.126" level="INFO">Slept 3 seconds</msg>
<status status="PASS" starttime="20200923 10:49:17.121" endtime="20200923 10:49:20.126"></status>
</kw>
<kw name="Handle Alert" library="SeleniumLibrary">
<doc>Handles the current alert and returns its message.</doc>
<status status="PASS" starttime="20200923 10:49:20.126" endtime="20200923 10:49:20.129"></status>
</kw>
<kw name="Sleep" library="BuiltIn">
<doc>Pauses the test executed for the given time.</doc>
<arguments>
<arg>3s</arg>
</arguments>
<msg timestamp="20200923 10:49:23.136" level="INFO">Slept 3 seconds</msg>
<status status="PASS" starttime="20200923 10:49:20.129" endtime="20200923 10:49:23.136"></status>
</kw>
<kw name="Reload Page" library="SeleniumLibrary">
<doc>Simulates user reloading page.</doc>
<status status="PASS" starttime="20200923 10:49:23.136" endtime="20200923 10:49:24.879"></status>
</kw>
<kw name="Sleep" library="BuiltIn">
<doc>Pauses the test executed for the given time.</doc>
<arguments>
<arg>3s</arg>
</arguments>
<msg timestamp="20200923 10:49:27.885" level="INFO">Slept 3 seconds</msg>
<status status="PASS" starttime="20200923 10:49:24.879" endtime="20200923 10:49:27.885"></status>
</kw>
<status status="PASS" starttime="20200923 10:49:10.740" endtime="20200923 10:49:27.885"></status>
</kw>
<kw name="check for invalid password and valid mail" library="keywords">
<kw name="Input Text" library="SeleniumLibrary">
<doc>Types the given ``text`` into the text field identified by ``locator``.</doc>
<arguments>
<arg>${email}</arg>
<arg>${cemail}</arg>
</arguments>
<msg timestamp="20200923 10:49:27.885" level="INFO">Typing text 'deepika5e6@sasi.ac.in' into text field '//*[@id="email"]'.</msg>
<status status="PASS" starttime="20200923 10:49:27.885" endtime="20200923 10:49:28.029"></status>
</kw>
<kw name="Sleep" library="BuiltIn">
<doc>Pauses the test executed for the given time.</doc>
<arguments>
<arg>3s</arg>
</arguments>
<msg timestamp="20200923 10:49:31.033" level="INFO">Slept 3 seconds</msg>
<status status="PASS" starttime="20200923 10:49:28.033" endtime="20200923 10:49:31.033"></status>
</kw>
<kw name="Input Text" library="SeleniumLibrary">
<doc>Types the given ``text`` into the text field identified by ``locator``.</doc>
<arguments>
<arg>${password}</arg>
<arg>${wpass}</arg>
</arguments>
<msg timestamp="20200923 10:49:31.033" level="INFO">Typing text 'sjeusk' into text field '//*[@id="password"]'.</msg>
<status status="PASS" starttime="20200923 10:49:31.033" endtime="20200923 10:49:31.130"></status>
</kw>
<kw name="Sleep" library="BuiltIn">
<doc>Pauses the test executed for the given time.</doc>
<arguments>
<arg>3s</arg>
</arguments>
<msg timestamp="20200923 10:49:34.131" level="INFO">Slept 3 seconds</msg>
<status status="PASS" starttime="20200923 10:49:31.130" endtime="20200923 10:49:34.132"></status>
</kw>
<kw name="Click Element" library="SeleniumLibrary">
<doc>Click the element identified by ``locator``.</doc>
<arguments>
<arg>${signin}</arg>
</arguments>
<msg timestamp="20200923 10:49:34.132" level="INFO">Clicking element '//*[@id="root"]/div/div/div/main/div[2]/div/form/button/span[1]'.</msg>
<status status="PASS" starttime="20200923 10:49:34.132" endtime="20200923 10:49:34.184"></status>
</kw>
<kw name="Sleep" library="BuiltIn">
<doc>Pauses the test executed for the given time.</doc>
<arguments>
<arg>3s</arg>
</arguments>
<msg timestamp="20200923 10:49:37.194" level="INFO">Slept 3 seconds</msg>
<status status="PASS" starttime="20200923 10:49:34.184" endtime="20200923 10:49:37.194"></status>
</kw>
<kw name="Handle Alert" library="SeleniumLibrary">
<doc>Handles the current alert and returns its message.</doc>
<status status="PASS" starttime="20200923 10:49:37.194" endtime="20200923 10:49:37.194"></status>
</kw>
<kw name="Sleep" library="BuiltIn">
<doc>Pauses the test executed for the given time.</doc>
<arguments>
<arg>3s</arg>
</arguments>
<msg timestamp="20200923 10:49:40.195" level="INFO">Slept 3 seconds</msg>
<status status="PASS" starttime="20200923 10:49:37.194" endtime="20200923 10:49:40.195"></status>
</kw>
<kw name="Reload Page" library="SeleniumLibrary">
<doc>Simulates user reloading page.</doc>
<status status="PASS" starttime="20200923 10:49:40.195" endtime="20200923 10:49:41.993"></status>
</kw>
<kw name="Sleep" library="BuiltIn">
<doc>Pauses the test executed for the given time.</doc>
<arguments>
<arg>3s</arg>
</arguments>
<msg timestamp="20200923 10:49:45.008" level="INFO">Slept 3 seconds</msg>
<status status="PASS" starttime="20200923 10:49:41.993" endtime="20200923 10:49:45.008"></status>
</kw>
<status status="PASS" starttime="20200923 10:49:27.885" endtime="20200923 10:49:45.008"></status>
</kw>
<kw name="check for invalid mail and valid password" library="keywords">
<kw name="Input Text" library="SeleniumLibrary">
<doc>Types the given ``text`` into the text field identified by ``locator``.</doc>
<arguments>
<arg>${email}</arg>
<arg>${wemail}</arg>
</arguments>
<msg timestamp="20200923 10:49:45.008" level="INFO">Typing text 'deepika@flairtechno.com' into text field '//*[@id="email"]'.</msg>
<status status="PASS" starttime="20200923 10:49:45.008" endtime="20200923 10:49:45.145"></status>
</kw>
<kw name="Sleep" library="BuiltIn">
<doc>Pauses the test executed for the given time.</doc>
<arguments>
<arg>3s</arg>
</arguments>
<msg timestamp="20200923 10:49:48.149" level="INFO">Slept 3 seconds</msg>
<status status="PASS" starttime="20200923 10:49:45.145" endtime="20200923 10:49:48.149"></status>
</kw>
<kw name="Input Text" library="SeleniumLibrary">
<doc>Types the given ``text`` into the text field identified by ``locator``.</doc>
<arguments>
<arg>${password}</arg>
<arg>${cpass}</arg>
</arguments>
<msg timestamp="20200923 10:49:48.149" level="INFO">Typing text 'deepika@5889' into text field '//*[@id="password"]'.</msg>
<status status="PASS" starttime="20200923 10:49:48.149" endtime="20200923 10:49:48.266"></status>
</kw>
<kw name="Sleep" library="BuiltIn">
<doc>Pauses the test executed for the given time.</doc>
<arguments>
<arg>3s</arg>
</arguments>
<msg timestamp="20200923 10:49:51.269" level="INFO">Slept 3 seconds</msg>
<status status="PASS" starttime="20200923 10:49:48.266" endtime="20200923 10:49:51.269"></status>
</kw>
<kw name="Click Element" library="SeleniumLibrary">
<doc>Click the element identified by ``locator``.</doc>
<arguments>
<arg>${signin}</arg>
</arguments>
<msg timestamp="20200923 10:49:51.269" level="INFO">Clicking element '//*[@id="root"]/div/div/div/main/div[2]/div/form/button/span[1]'.</msg>
<status status="PASS" starttime="20200923 10:49:51.269" endtime="20200923 10:49:51.333"></status>
</kw>
<kw name="Sleep" library="BuiltIn">
<doc>Pauses the test executed for the given time.</doc>
<arguments>
<arg>3s</arg>
</arguments>
<msg timestamp="20200923 10:49:54.335" level="INFO">Slept 3 seconds</msg>
<status status="PASS" starttime="20200923 10:49:51.333" endtime="20200923 10:49:54.335"></status>
</kw>
<kw name="Handle Alert" library="SeleniumLibrary">
<doc>Handles the current alert and returns its message.</doc>
<status status="PASS" starttime="20200923 10:49:54.335" endtime="20200923 10:49:54.346"></status>
</kw>
<kw name="Sleep" library="BuiltIn">
<doc>Pauses the test executed for the given time.</doc>
<arguments>
<arg>3s</arg>
</arguments>
<msg timestamp="20200923 10:49:57.348" level="INFO">Slept 3 seconds</msg>
<status status="PASS" starttime="20200923 10:49:54.346" endtime="20200923 10:49:57.348"></status>
</kw>
<kw name="Reload Page" library="SeleniumLibrary">
<doc>Simulates user reloading page.</doc>
<status status="PASS" starttime="20200923 10:49:57.348" endtime="20200923 10:49:58.985"></status>
</kw>
<kw name="Sleep" library="BuiltIn">
<doc>Pauses the test executed for the given time.</doc>
<arguments>
<arg>3s</arg>
</arguments>
<msg timestamp="20200923 10:50:01.998" level="INFO">Slept 3 seconds</msg>
<status status="PASS" starttime="20200923 10:49:58.985" endtime="20200923 10:50:01.998"></status>
</kw>
<status status="PASS" starttime="20200923 10:49:45.008" endtime="20200923 10:50:01.999"></status>
</kw>
<kw name="check for valid mail and password" library="keywords">
<kw name="Input Text" library="SeleniumLibrary">
<doc>Types the given ``text`` into the text field identified by ``locator``.</doc>
<arguments>
<arg>${email}</arg>
<arg>${cemail}</arg>
</arguments>
<msg timestamp="20200923 10:50:01.999" level="INFO">Typing text 'deepika5e6@sasi.ac.in' into text field '//*[@id="email"]'.</msg>
<status status="PASS" starttime="20200923 10:50:01.999" endtime="20200923 10:50:02.140"></status>
</kw>
<kw name="Sleep" library="BuiltIn">
<doc>Pauses the test executed for the given time.</doc>
<arguments>
<arg>3s</arg>
</arguments>
<msg timestamp="20200923 10:50:05.149" level="INFO">Slept 3 seconds</msg>
<status status="PASS" starttime="20200923 10:50:02.140" endtime="20200923 10:50:05.149"></status>
</kw>
<kw name="Input Text" library="SeleniumLibrary">
<doc>Types the given ``text`` into the text field identified by ``locator``.</doc>
<arguments>
<arg>${password}</arg>
<arg>${cpass}</arg>
</arguments>
<msg timestamp="20200923 10:50:05.149" level="INFO">Typing text 'deepika@5889' into text field '//*[@id="password"]'.</msg>
<status status="PASS" starttime="20200923 10:50:05.149" endtime="20200923 10:50:05.260"></status>
</kw>
<kw name="Sleep" library="BuiltIn">
<doc>Pauses the test executed for the given time.</doc>
<arguments>
<arg>3s</arg>
</arguments>
<msg timestamp="20200923 10:50:08.264" level="INFO">Slept 3 seconds</msg>
<status status="PASS" starttime="20200923 10:50:05.260" endtime="20200923 10:50:08.265"></status>
</kw>
<kw name="Click Element" library="SeleniumLibrary">
<doc>Click the element identified by ``locator``.</doc>
<arguments>
<arg>${signin}</arg>
</arguments>
<msg timestamp="20200923 10:50:08.265" level="INFO">Clicking element '//*[@id="root"]/div/div/div/main/div[2]/div/form/button/span[1]'.</msg>
<status status="PASS" starttime="20200923 10:50:08.265" endtime="20200923 10:50:08.317"></status>
</kw>
<kw name="Sleep" library="BuiltIn">
<doc>Pauses the test executed for the given time.</doc>
<arguments>
<arg>20s</arg>
</arguments>
<msg timestamp="20200923 10:50:28.317" level="INFO">Slept 20 seconds</msg>
<status status="PASS" starttime="20200923 10:50:08.317" endtime="20200923 10:50:28.317"></status>
</kw>
<kw name="Wait Until Page Contains" library="SeleniumLibrary">
<doc>Waits until ``text`` appears on the current page.</doc>
<arguments>
<arg>Contact Information</arg>
</arguments>
<status status="PASS" starttime="20200923 10:50:28.317" endtime="20200923 10:50:28.364"></status>
</kw>
<kw name="Sleep" library="BuiltIn">
<doc>Pauses the test executed for the given time.</doc>
<arguments>
<arg>5s</arg>
</arguments>
<msg timestamp="20200923 10:50:33.367" level="INFO">Slept 5 seconds</msg>
<status status="PASS" starttime="20200923 10:50:28.364" endtime="20200923 10:50:33.367"></status>
</kw>
<status status="PASS" starttime="20200923 10:50:01.999" endtime="20200923 10:50:33.367"></status>
</kw>
<kw name="End Web Test" library="common" type="teardown">
<kw name="Sleep" library="BuiltIn">
<doc>Pauses the test executed for the given time.</doc>
<arguments>
<arg>5s</arg>
</arguments>
<msg timestamp="20200923 10:50:38.368" level="INFO">Slept 5 seconds</msg>
<status status="PASS" starttime="20200923 10:50:33.367" endtime="20200923 10:50:38.368"></status>
</kw>
<kw name="Close Browser" library="SeleniumLibrary">
<doc>Closes the current browser.</doc>
<status status="PASS" starttime="20200923 10:50:38.368" endtime="20200923 10:50:40.454"></status>
</kw>
<status status="PASS" starttime="20200923 10:50:33.367" endtime="20200923 10:50:40.454"></status>
</kw>
<doc>This test cases is used to test for signin(Functional Testing)</doc>
<status status="PASS" starttime="20200923 10:48:19.725" endtime="20200923 10:50:40.454" critical="yes"></status>
</test>
<test id="s1-t2" name="This test cases is used test for signin(Validation Testing)">
<kw name="Begin Web Test" library="common" type="setup">
<kw name="Open Browser" library="SeleniumLibrary">
<doc>Opens a new browser instance to the optional ``url``.</doc>
<arguments>
<arg>about:blank</arg>
<arg>headlesschrome</arg>
</arguments>
<msg timestamp="20200923 10:50:40.454" level="INFO">Opening browser 'headlesschrome' to base url 'about:blank'.</msg>
<status status="PASS" starttime="20200923 10:50:40.454" endtime="20200923 10:50:43.518"></status>
</kw>
<kw name="Sleep" library="BuiltIn">
<doc>Pauses the test executed for the given time.</doc>
<arguments>
<arg>5s</arg>
</arguments>
<msg timestamp="20200923 10:50:48.524" level="INFO">Slept 5 seconds</msg>
<status status="PASS" starttime="20200923 10:50:43.518" endtime="20200923 10:50:48.524"></status>
</kw>
<kw name="Maximize Browser Window" library="SeleniumLibrary">
<doc>Maximizes current browser window.</doc>
<status status="PASS" starttime="20200923 10:50:48.524" endtime="20200923 10:50:50.695"></status>
</kw>
<status status="PASS" starttime="20200923 10:50:40.454" endtime="20200923 10:50:50.695"></status>
</kw>
<kw name="Validation test for lower boundary" library="keywords">
<kw name="Go To" library="SeleniumLibrary">
<doc>Navigates the current browser window to the provided ``url``.</doc>
<arguments>
<arg>${browser}</arg>
</arguments>
<msg timestamp="20200923 10:50:50.695" level="INFO">Opening url 'https://eficensit-test-8b2e9.web.app/'</msg>
<status status="PASS" starttime="20200923 10:50:50.695" endtime="20200923 10:50:57.059"></status>
</kw>
<kw name="Sleep" library="BuiltIn">
<doc>Pauses the test executed for the given time.</doc>
<arguments>
<arg>3s</arg>
</arguments>
<msg timestamp="20200923 10:51:00.067" level="INFO">Slept 3 seconds</msg>
<status status="PASS" starttime="20200923 10:50:57.059" endtime="20200923 10:51:00.067"></status>
</kw>
<kw name="Input Text" library="SeleniumLibrary">
<doc>Types the given ``text`` into the text field identified by ``locator``.</doc>
<arguments>
<arg>${email}</arg>
<arg>${lbemail}</arg>
</arguments>
<msg timestamp="20200923 10:51:00.067" level="INFO">Typing text 'ddd' into text field '//*[@id="email"]'.</msg>
<status status="PASS" starttime="20200923 10:51:00.067" endtime="20200923 10:51:00.147"></status>
</kw>
<kw name="Sleep" library="BuiltIn">
<doc>Pauses the test executed for the given time.</doc>
<arguments>
<arg>3s</arg>
</arguments>
<msg timestamp="20200923 10:51:03.163" level="INFO">Slept 3 seconds</msg>
<status status="PASS" starttime="20200923 10:51:00.147" endtime="20200923 10:51:03.163"></status>
</kw>
<kw name="Input Text" library="SeleniumLibrary">
<doc>Types the given ``text`` into the text field identified by ``locator``.</doc>
<arguments>
<arg>${password}</arg>
<arg>${lbpass}</arg>
</arguments>
<msg timestamp="20200923 10:51:03.163" level="INFO">Typing text '9999' into text field '//*[@id="password"]'.</msg>
<status status="PASS" starttime="20200923 10:51:03.163" endtime="20200923 10:51:03.301"></status>
</kw>
<kw name="Sleep" library="BuiltIn">
<doc>Pauses the test executed for the given time.</doc>
<arguments>
<arg>5s</arg>
</arguments>
<msg timestamp="20200923 10:51:08.311" level="INFO">Slept 5 seconds</msg>
<status status="PASS" starttime="20200923 10:51:03.301" endtime="20200923 10:51:08.312"></status>
</kw>
<kw name="Click Element" library="SeleniumLibrary">
<doc>Click the element identified by ``locator``.</doc>
<arguments>
<arg>${signin}</arg>
</arguments>
<msg timestamp="20200923 10:51:08.312" level="INFO">Clicking element '//*[@id="root"]/div/div/div/main/div[2]/div/form/button/span[1]'.</msg>
<status status="PASS" starttime="20200923 10:51:08.312" endtime="20200923 10:51:08.380"></status>
</kw>
<kw name="Sleep" library="BuiltIn">
<doc>Pauses the test executed for the given time.</doc>
<arguments>
<arg>5s</arg>
</arguments>
<msg timestamp="20200923 10:51:13.382" level="INFO">Slept 5 seconds</msg>
<status status="PASS" starttime="20200923 10:51:08.380" endtime="20200923 10:51:13.382"></status>
</kw>
<kw name="Handle Alert" library="SeleniumLibrary">
<doc>Handles the current alert and returns its message.</doc>
<arguments>
<arg>ACCEPT</arg>
</arguments>
<status status="PASS" starttime="20200923 10:51:13.382" endtime="20200923 10:51:13.385"></status>
</kw>
<kw name="Sleep" library="BuiltIn">
<doc>Pauses the test executed for the given time.</doc>
<arguments>
<arg>3s</arg>
</arguments>
<msg timestamp="20200923 10:51:16.396" level="INFO">Slept 3 seconds</msg>
<status status="PASS" starttime="20200923 10:51:13.385" endtime="20200923 10:51:16.396"></status>
</kw>
<kw name="Reload Page" library="SeleniumLibrary">
<doc>Simulates user reloading page.</doc>
<status status="PASS" starttime="20200923 10:51:16.396" endtime="20200923 10:51:18.656"></status>
</kw>
<kw name="Sleep" library="BuiltIn">
<doc>Pauses the test executed for the given time.</doc>
<arguments>
<arg>3s</arg>
</arguments>
<msg timestamp="20200923 10:51:21.671" level="INFO">Slept 3 seconds</msg>
<status status="PASS" starttime="20200923 10:51:18.656" endtime="20200923 10:51:21.671"></status>
</kw>
<status status="PASS" starttime="20200923 10:50:50.695" endtime="20200923 10:51:21.671"></status>
</kw>
<kw name="Validation test for upper boundary" library="keywords">
<kw name="Input Text" library="SeleniumLibrary">
<doc>Types the given ``text`` into the text field identified by ``locator``.</doc>
<arguments>
<arg>${email}</arg>
<arg>${upemail}</arg>
</arguments>
<msg timestamp="20200923 10:51:21.671" level="INFO">Typing text 'ddddddddddddddddddddddddddddd' into text field '//*[@id="email"]'.</msg>
<status status="PASS" starttime="20200923 10:51:21.671" endtime="20200923 10:51:21.848"></status>
</kw>
<kw name="Sleep" library="BuiltIn">
<doc>Pauses the test executed for the given time.</doc>
<arguments>
<arg>3s</arg>
</arguments>
<msg timestamp="20200923 10:51:24.863" level="INFO">Slept 3 seconds</msg>
<status status="PASS" starttime="20200923 10:51:21.848" endtime="20200923 10:51:24.863"></status>
</kw>
<kw name="Input Text" library="SeleniumLibrary">
<doc>Types the given ``text`` into the text field identified by ``locator``.</doc>
<arguments>
<arg>${password}</arg>
<arg>${uppass}</arg>
</arguments>
<msg timestamp="20200923 10:51:24.863" level="INFO">Typing text '99999999999999' into text field '//*[@id="password"]'.</msg>
<status status="PASS" starttime="20200923 10:51:24.863" endtime="20200923 10:51:24.975"></status>
</kw>
<kw name="Sleep" library="BuiltIn">
<doc>Pauses the test executed for the given time.</doc>
<arguments>
<arg>3s</arg>
</arguments>
<msg timestamp="20200923 10:51:27.980" level="INFO">Slept 3 seconds</msg>
<status status="PASS" starttime="20200923 10:51:24.975" endtime="20200923 10:51:27.981"></status>
</kw>
<kw name="Click Element" library="SeleniumLibrary">
<doc>Click the element identified by ``locator``.</doc>
<arguments>
<arg>${signin}</arg>
</arguments>
<msg timestamp="20200923 10:51:27.981" level="INFO">Clicking element '//*[@id="root"]/div/div/div/main/div[2]/div/form/button/span[1]'.</msg>
<status status="PASS" starttime="20200923 10:51:27.981" endtime="20200923 10:51:28.049"></status>
</kw>
<kw name="Sleep" library="BuiltIn">
<doc>Pauses the test executed for the given time.</doc>
<arguments>
<arg>5s</arg>
</arguments>
<msg timestamp="20200923 10:51:33.049" level="INFO">Slept 5 seconds</msg>
<status status="PASS" starttime="20200923 10:51:28.049" endtime="20200923 10:51:33.049"></status>
</kw>
<kw name="Handle Alert" library="SeleniumLibrary">
<doc>Handles the current alert and returns its message.</doc>
<arguments>
<arg>ACCEPT</arg>
</arguments>
<status status="PASS" starttime="20200923 10:51:33.049" endtime="20200923 10:51:33.061"></status>
</kw>
<kw name="Sleep" library="BuiltIn">
<doc>Pauses the test executed for the given time.</doc>
<arguments>
<arg>3s</arg>
</arguments>
<msg timestamp="20200923 10:51:36.064" level="INFO">Slept 3 seconds</msg>
<status status="PASS" starttime="20200923 10:51:33.061" endtime="20200923 10:51:36.064"></status>
</kw>
<kw name="Reload Page" library="SeleniumLibrary">
<doc>Simulates user reloading page.</doc>
<status status="PASS" starttime="20200923 10:51:36.064" endtime="20200923 10:51:37.712"></status>
</kw>
<kw name="Sleep" library="BuiltIn">
<doc>Pauses the test executed for the given time.</doc>
<arguments>
<arg>3s</arg>
</arguments>
<msg timestamp="20200923 10:51:40.715" level="INFO">Slept 3 seconds</msg>
<status status="PASS" starttime="20200923 10:51:37.712" endtime="20200923 10:51:40.715"></status>
</kw>
<status status="PASS" starttime="20200923 10:51:21.671" endtime="20200923 10:51:40.715"></status>
</kw>
<kw name="Validation for invalid password and valid mail" library="keywords">
<kw name="Input Text" library="SeleniumLibrary">
<doc>Types the given ``text`` into the text field identified by ``locator``.</doc>
<arguments>
<arg>${email}</arg>
<arg>${cemail}</arg>
</arguments>
<msg timestamp="20200923 10:51:40.715" level="INFO">Typing text 'deepika5e6@sasi.ac.in' into text field '//*[@id="email"]'.</msg>
<status status="PASS" starttime="20200923 10:51:40.715" endtime="20200923 10:51:40.859"></status>
</kw>
<kw name="Sleep" library="BuiltIn">
<doc>Pauses the test executed for the given time.</doc>
<arguments>
<arg>3s</arg>
</arguments>
<msg timestamp="20200923 10:51:43.859" level="INFO">Slept 3 seconds</msg>
<status status="PASS" starttime="20200923 10:51:40.859" endtime="20200923 10:51:43.859"></status>
</kw>
<kw name="Input Text" library="SeleniumLibrary">
<doc>Types the given ``text`` into the text field identified by ``locator``.</doc>
<arguments>
<arg>${password}</arg>
<arg>${wpass}</arg>
</arguments>
<msg timestamp="20200923 10:51:43.860" level="INFO">Typing text 'sjeusk' into text field '//*[@id="password"]'.</msg>
<status status="PASS" starttime="20200923 10:51:43.860" endtime="20200923 10:51:43.954"></status>
</kw>
<kw name="Sleep" library="BuiltIn">
<doc>Pauses the test executed for the given time.</doc>
<arguments>
<arg>3s</arg>
</arguments>
<msg timestamp="20200923 10:51:46.961" level="INFO">Slept 3 seconds</msg>
<status status="PASS" starttime="20200923 10:51:43.954" endtime="20200923 10:51:46.962"></status>
</kw>
<kw name="Click Element" library="SeleniumLibrary">
<doc>Click the element identified by ``locator``.</doc>
<arguments>
<arg>${signin}</arg>
</arguments>
<msg timestamp="20200923 10:51:46.962" level="INFO">Clicking element '//*[@id="root"]/div/div/div/main/div[2]/div/form/button/span[1]'.</msg>
<status status="PASS" starttime="20200923 10:51:46.962" endtime="20200923 10:51:47.016"></status>
</kw>
<kw name="Sleep" library="BuiltIn">
<doc>Pauses the test executed for the given time.</doc>
<arguments>
<arg>5s</arg>
</arguments>
<msg timestamp="20200923 10:51:52.030" level="INFO">Slept 5 seconds</msg>
<status status="PASS" starttime="20200923 10:51:47.016" endtime="20200923 10:51:52.030"></status>
</kw>
<kw name="Handle Alert" library="SeleniumLibrary">
<doc>Handles the current alert and returns its message.</doc>
<arguments>
<arg>ACCEPT</arg>
</arguments>
<status status="PASS" starttime="20200923 10:51:52.030" endtime="20200923 10:51:52.030"></status>
</kw>
<kw name="Sleep" library="BuiltIn">
<doc>Pauses the test executed for the given time.</doc>
<arguments>
<arg>3s</arg>
</arguments>
<msg timestamp="20200923 10:51:55.045" level="INFO">Slept 3 seconds</msg>
<status status="PASS" starttime="20200923 10:51:52.030" endtime="20200923 10:51:55.045"></status>
</kw>
<kw name="Reload Page" library="SeleniumLibrary">
<doc>Simulates user reloading page.</doc>
<status status="PASS" starttime="20200923 10:51:55.045" endtime="20200923 10:51:56.746"></status>
</kw>
<kw name="Sleep" library="BuiltIn">
<doc>Pauses the test executed for the given time.</doc>
<arguments>
<arg>3s</arg>
</arguments>
<msg timestamp="20200923 10:51:59.748" level="INFO">Slept 3 seconds</msg>
<status status="PASS" starttime="20200923 10:51:56.746" endtime="20200923 10:51:59.748"></status>
</kw>
<status status="PASS" starttime="20200923 10:51:40.715" endtime="20200923 10:51:59.748"></status>
</kw>
<kw name="Validation test for invalid mail and valid password" library="keywords">
<kw name="Input Text" library="SeleniumLibrary">
<doc>Types the given ``text`` into the text field identified by ``locator``.</doc>
<arguments>
<arg>${email}</arg>
<arg>${wemail}</arg>
</arguments>
<msg timestamp="20200923 10:51:59.748" level="INFO">Typing text 'deepika@flairtechno.com' into text field '//*[@id="email"]'.</msg>
<status status="PASS" starttime="20200923 10:51:59.748" endtime="20200923 10:51:59.885"></status>
</kw>
<kw name="Sleep" library="BuiltIn">
<doc>Pauses the test executed for the given time.</doc>
<arguments>
<arg>3s</arg>
</arguments>
<msg timestamp="20200923 10:52:02.891" level="INFO">Slept 3 seconds</msg>
<status status="PASS" starttime="20200923 10:51:59.885" endtime="20200923 10:52:02.892"></status>
</kw>
<kw name="Input Text" library="SeleniumLibrary">
<doc>Types the given ``text`` into the text field identified by ``locator``.</doc>
<arguments>
<arg>${password}</arg>
<arg>${cemail}</arg>
</arguments>
<msg timestamp="20200923 10:52:02.892" level="INFO">Typing text 'deepika5e6@sasi.ac.in' into text field '//*[@id="password"]'.</msg>
<status status="PASS" starttime="20200923 10:52:02.892" endtime="20200923 10:52:03.030"></status>
</kw>
<kw name="Sleep" library="BuiltIn">
<doc>Pauses the test executed for the given time.</doc>
<arguments>
<arg>3s</arg>
</arguments>
<msg timestamp="20200923 10:52:06.041" level="INFO">Slept 3 seconds</msg>
<status status="PASS" starttime="20200923 10:52:03.034" endtime="20200923 10:52:06.042"></status>
</kw>
<kw name="Click Element" library="SeleniumLibrary">
<doc>Click the element identified by ``locator``.</doc>
<arguments>
<arg>${signin}</arg>
</arguments>
<msg timestamp="20200923 10:52:06.042" level="INFO">Clicking element '//*[@id="root"]/div/div/div/main/div[2]/div/form/button/span[1]'.</msg>
<status status="PASS" starttime="20200923 10:52:06.042" endtime="20200923 10:52:06.142"></status>
</kw>
<kw name="Sleep" library="BuiltIn">
<doc>Pauses the test executed for the given time.</doc>
<arguments>
<arg>5s</arg>
</arguments>
<msg timestamp="20200923 10:52:11.147" level="INFO">Slept 5 seconds</msg>
<status status="PASS" starttime="20200923 10:52:06.142" endtime="20200923 10:52:11.147"></status>
</kw>
<kw name="Handle Alert" library="SeleniumLibrary">
<doc>Handles the current alert and returns its message.</doc>
<arguments>
<arg>ACCEPT</arg>
</arguments>
<status status="PASS" starttime="20200923 10:52:11.147" endtime="20200923 10:52:11.149"></status>
</kw>
<kw name="Sleep" library="BuiltIn">
<doc>Pauses the test executed for the given time.</doc>
<arguments>
<arg>3s</arg>
</arguments>
<msg timestamp="20200923 10:52:14.162" level="INFO">Slept 3 seconds</msg>
<status status="PASS" starttime="20200923 10:52:11.149" endtime="20200923 10:52:14.162"></status>
</kw>
<status status="PASS" starttime="20200923 10:51:59.748" endtime="20200923 10:52:14.162"></status>
</kw>
<kw name="End Web Test" library="common" type="teardown">
<kw name="Sleep" library="BuiltIn">
<doc>Pauses the test executed for the given time.</doc>
<arguments>
<arg>5s</arg>
</arguments>
<msg timestamp="20200923 10:52:19.176" level="INFO">Slept 5 seconds</msg>
<status status="PASS" starttime="20200923 10:52:14.162" endtime="20200923 10:52:19.176"></status>
</kw>
<kw name="Close Browser" library="SeleniumLibrary">
<doc>Closes the current browser.</doc>
<status status="PASS" starttime="20200923 10:52:19.176" endtime="20200923 10:52:21.270"></status>
</kw>
<status status="PASS" starttime="20200923 10:52:14.162" endtime="20200923 10:52:21.270"></status>
</kw>
<doc>This test cases is used test for signin(Validation Testing)</doc>
<status status="PASS" starttime="20200923 10:50:40.454" endtime="20200923 10:52:21.270" critical="yes"></status>
</test>
<status status="PASS" starttime="20200923 10:48:19.522" endtime="20200923 10:52:21.270"></status>
</suite>
<statistics>
<total>
<stat pass="2" fail="0">Critical Tests</stat>
<stat pass="2" fail="0">All Tests</stat>
</total>
<tag>
</tag>
<suite>
<stat pass="2" fail="0" id="s1" name="Login">Login</stat>
</suite>
</statistics>
<errors>
</errors>
</robot>
