<?xml version="1.0" encoding="UTF-8"?>
<robot generator="Robot 3.2.2 (Python 3.8.5 on win32)" generated="20210519 11:59:25.713" rpa="false">
<suite id="s1" name="Google" source="C:\Users\durga deepika\PycharmProjects\pythonProject\Testcases\google.robot">
<test id="s1-t1" name="open google">
<kw name="Open Browser" library="SeleniumLibrary">
<doc>Opens a new browser instance to the optional ``url``.</doc>
<arguments>
<arg>https://www.google.co.in/</arg>
<arg>gc</arg>
</arguments>
<msg timestamp="20210519 11:59:26.590" level="INFO">Opening browser 'gc' to base url 'https://www.google.co.in/'.</msg>
<status status="PASS" starttime="20210519 11:59:26.589" endtime="20210519 11:59:30.196"></status>
</kw>
<kw name="Sleep" library="BuiltIn">
<doc>Pauses the test executed for the given time.</doc>
<arguments>
<arg>2s</arg>
</arguments>
<msg timestamp="20210519 11:59:32.206" level="INFO">Slept 2 seconds</msg>
<status status="PASS" starttime="20210519 11:59:30.197" endtime="20210519 11:59:32.206"></status>
</kw>
<kw name="Input Text" library="SeleniumLibrary">
<doc>Types the given ``text`` into the text field identified by ``locator``.</doc>
<arguments>
<arg>//html/body/div[1]/div[3]/form/div[1]/div[1]/div[1]/div/div[2]/input</arg>
<arg>robotframework.org</arg>
</arguments>
<msg timestamp="20210519 11:59:32.207" level="INFO">Typing text 'robotframework.org' into text field '//html/body/div[1]/div[3]/form/div[1]/div[1]/div[1]/div/div[2]/input'.</msg>
<status status="PASS" starttime="20210519 11:59:32.207" endtime="20210519 11:59:32.450"></status>
</kw>
<kw name="Sleep" library="BuiltIn">
<doc>Pauses the test executed for the given time.</doc>
<arguments>
<arg>2s</arg>
</arguments>
<msg timestamp="20210519 11:59:34.453" level="INFO">Slept 2 seconds</msg>
<status status="PASS" starttime="20210519 11:59:32.451" endtime="20210519 11:59:34.453"></status>
</kw>
<kw name="Click Element" library="SeleniumLibrary">
<doc>Click the element identified by ``locator``.</doc>
<arguments>
<arg>//html/body/div[1]/div[3]/form/div[1]/div[1]/div[2]/div[2]/ul/li[1]/div/div[2]/div[1]/span</arg>
</arguments>
<msg timestamp="20210519 11:59:34.456" level="INFO">Clicking element '//html/body/div[1]/div[3]/form/div[1]/div[1]/div[2]/div[2]/ul/li[1]/div/div[2]/div[1]/span'.</msg>
<status status="PASS" starttime="20210519 11:59:34.455" endtime="20210519 11:59:37.037"></status>
</kw>
<kw name="Sleep" library="BuiltIn">
<doc>Pauses the test executed for the given time.</doc>
<arguments>
<arg>2s</arg>
</arguments>
<msg timestamp="20210519 11:59:39.041" level="INFO">Slept 2 seconds</msg>
<status status="PASS" starttime="20210519 11:59:37.039" endtime="20210519 11:59:39.041"></status>
</kw>
<kw name="Click Element" library="SeleniumLibrary">
<doc>Click the element identified by ``locator``.</doc>
<arguments>
<arg>//*[@id="rso"]/div[1]/div/div/div/div/div/div[1]/a/h3</arg>
</arguments>
<msg timestamp="20210519 11:59:39.042" level="INFO">Clicking element '//*[@id="rso"]/div[1]/div/div/div/div/div/div[1]/a/h3'.</msg>
<kw name="Capture Page Screenshot" library="SeleniumLibrary">
<doc>Takes a screenshot of the current page and embeds it into a log file.</doc>
<msg timestamp="20210519 11:59:39.332" level="INFO" html="yes">&lt;/td&gt;&lt;/tr&gt;&lt;tr&gt;&lt;td colspan="3"&gt;&lt;a href="selenium-screenshot-13.png"&gt;&lt;img src="selenium-screenshot-13.png" width="800px"&gt;&lt;/a&gt;</msg>
<status status="PASS" starttime="20210519 11:59:39.071" endtime="20210519 11:59:39.332"></status>
</kw>
<msg timestamp="20210519 11:59:39.417" level="FAIL">Element with locator '//*[@id="rso"]/div[1]/div/div/div/div/div/div[1]/a/h3' not found.</msg>
<status status="FAIL" starttime="20210519 11:59:39.042" endtime="20210519 11:59:39.417"></status>
</kw>
<status status="FAIL" starttime="20210519 11:59:26.587" endtime="20210519 11:59:39.417" critical="yes">Element with locator '//*[@id="rso"]/div[1]/div/div/div/div/div/div[1]/a/h3' not found.</status>
</test>
<status status="FAIL" starttime="20210519 11:59:25.720" endtime="20210519 11:59:39.425"></status>
</suite>
<statistics>
<total>
<stat pass="0" fail="1">Critical Tests</stat>
<stat pass="0" fail="1">All Tests</stat>
</total>
<tag>
</tag>
<suite>
<stat pass="0" fail="1" id="s1" name="Google">Google</stat>
</suite>
</statistics>
<errors>
</errors>
</robot>
